0 info it worked if it ends with ok
1 verbose cli [ '/usr/local/bin/node', '/opt/npm3/bin/npm', 'publish' ]
2 info using npm@3.8.8
3 info using node@v5.11.1
4 verbose publish [ '.' ]
5 silly cache add args [ '.', null ]
6 verbose cache add spec .
7 silly cache add parsed spec Result {
7 silly cache add   raw: '.',
7 silly cache add   scope: null,
7 silly cache add   name: null,
7 silly cache add   rawSpec: '.',
7 silly cache add   spec: '/Users/abo26/modules/whitestripper',
7 silly cache add   type: 'directory' }
8 verbose addLocalDirectory /Users/abo26/.npm/whitestripper/1.0.1/package.tgz not in flight; packing
9 verbose correctMkdir /Users/abo26/.npm correctMkdir not in flight; initializing
10 info lifecycle whitestripper@1.0.1~prepublish: whitestripper@1.0.1
11 verbose lifecycle whitestripper@1.0.1~prepublish: unsafe-perm in lifecycle true
12 verbose lifecycle whitestripper@1.0.1~prepublish: PATH: /opt/npm3/lib/node_modules/npm/bin/node-gyp-bin:/Users/abo26/modules/whitestripper/node_modules/.bin:/usr/local/bin:/opt/npm3/bin:/Users/abo26/.node_modules/bin:/usr/local/bin:/usr/bin:/bin:/usr/sbin:/sbin:/opt/X11/bin
13 verbose lifecycle whitestripper@1.0.1~prepublish: CWD: /Users/abo26/modules/whitestripper
14 silly lifecycle whitestripper@1.0.1~prepublish: Args: [ '-c', 'npm run build' ]
15 silly lifecycle whitestripper@1.0.1~prepublish: Returned: code: 0  signal: null
16 verbose tar pack [ '/Users/abo26/.npm/whitestripper/1.0.1/package.tgz',
16 verbose tar pack   '/Users/abo26/modules/whitestripper' ]
17 verbose tarball /Users/abo26/.npm/whitestripper/1.0.1/package.tgz
18 verbose folder /Users/abo26/modules/whitestripper
19 verbose addLocalTarball adding from inside cache /Users/abo26/.npm/whitestripper/1.0.1/package.tgz
20 verbose correctMkdir /Users/abo26/.npm correctMkdir not in flight; initializing
21 silly cache afterAdd whitestripper@1.0.1
22 verbose afterAdd /Users/abo26/.npm/whitestripper/1.0.1/package/package.json not in flight; writing
23 verbose correctMkdir /Users/abo26/.npm correctMkdir not in flight; initializing
24 verbose afterAdd /Users/abo26/.npm/whitestripper/1.0.1/package/package.json written
25 silly publish { name: 'whitestripper',
25 silly publish   version: '1.0.1',
25 silly publish   description: 'Strips out the unpleasant trailing whitespace in your project',
25 silly publish   license: 'MIT',
25 silly publish   repository:
25 silly publish    { type: 'git',
25 silly publish      url: 'git+ssh://git@github.com/AdamBoxall/whitestripper.git' },
25 silly publish   bugs: { url: 'https://github.com/AdamBoxall/whitestripper/issues' },
25 silly publish   scripts:
25 silly publish    { build: 'babel -q src/ -d lib/',
25 silly publish      lint: 'eslint .',
25 silly publish      prepublish: 'npm run build' },
25 silly publish   bin: { whitestripper: './index.js' },
25 silly publish   dependencies:
25 silly publish    { colors: '^1.1.2',
25 silly publish      'confirm-cli': '^0.4.0',
25 silly publish      'node-dirwalker': '^1.0.2',
25 silly publish      trim: '0.0.1' },
25 silly publish   devDependencies:
25 silly publish    { 'babel-cli': '^6.10.1',
25 silly publish      'babel-core': '^6.10.4',
25 silly publish      'babel-eslint': '^6.1.2',
25 silly publish      'babel-preset-es2015': '^6.9.0',
25 silly publish      'babel-preset-stage-0': '^6.5.0' },
25 silly publish   readme: '# White Stripper\nEasily strip out the unpleasant trailing whitespace from all of your project files.\n\n## Installation\nWhite Stripper is intended to be installed as a global, utility module.\nTo install with npm, just run:\n~~~\nnpm install -g whitestripper\n~~~\n\n## Usage\nIn a terminal at the root of your project, just run:\n~~~\nwhitestripper\n~~~\n\nWhite Stripper will look for a `.gitignore` file in the root of your project, and then ignore any files or directories that match against the rules.\n\n## TODO\n\nBetter ignore/whitelisting\n',
25 silly publish   readmeFilename: 'README.md',
25 silly publish   gitHead: 'a89feae539e51c6852345b1a56eaf40a0ecc6a55',
25 silly publish   homepage: 'https://github.com/AdamBoxall/whitestripper#readme',
25 silly publish   _id: 'whitestripper@1.0.1',
25 silly publish   _shasum: '5e67b2d309909da3a24e8f074f1604b5de9b7a59',
25 silly publish   _from: '.' }
26 verbose getPublishConfig undefined
27 silly mapToRegistry name whitestripper
28 silly mapToRegistry using default registry
29 silly mapToRegistry registry https://registry.npmjs.org/
30 silly mapToRegistry data Result {
30 silly mapToRegistry   raw: 'whitestripper',
30 silly mapToRegistry   scope: null,
30 silly mapToRegistry   name: 'whitestripper',
30 silly mapToRegistry   rawSpec: '',
30 silly mapToRegistry   spec: 'latest',
30 silly mapToRegistry   type: 'tag' }
31 silly mapToRegistry uri https://registry.npmjs.org/whitestripper
32 verbose publish registryBase https://registry.npmjs.org/
33 silly publish uploading /Users/abo26/.npm/whitestripper/1.0.1/package.tgz
34 verbose request uri https://registry.npmjs.org/whitestripper
35 verbose request sending authorization for write operation
36 info attempt registry request try #1 at 4:02:47 AM
37 verbose request using bearer token for auth
38 verbose request id 1ec5cc7db27e1460
39 http request PUT https://registry.npmjs.org/whitestripper
40 http 403 https://registry.npmjs.org/whitestripper
41 verbose headers { 'content-type': 'application/json',
41 verbose headers   'cache-control': 'max-age=300',
41 verbose headers   'content-length': '95',
41 verbose headers   'accept-ranges': 'bytes',
41 verbose headers   date: 'Sat, 16 Jul 2016 03:02:49 GMT',
41 verbose headers   via: '1.1 varnish',
41 verbose headers   connection: 'keep-alive',
41 verbose headers   'x-served-by': 'cache-lhr6337-LHR',
41 verbose headers   'x-cache': 'MISS',
41 verbose headers   'x-cache-hits': '0',
41 verbose headers   'x-timer': 'S1468638168.086317,VS0,VE969',
41 verbose headers   vary: 'Accept-Encoding' }
42 verbose request invalidating /Users/abo26/.npm/registry.npmjs.org/whitestripper on PUT
43 error publish Failed PUT 403
44 verbose stack Error: "You cannot publish over the previously published version 1.0.1." : whitestripper
44 verbose stack     at makeError (/opt/npm3/lib/node_modules/npm/node_modules/npm-registry-client/lib/request.js:264:12)
44 verbose stack     at CachingRegistryClient.<anonymous> (/opt/npm3/lib/node_modules/npm/node_modules/npm-registry-client/lib/request.js:252:14)
44 verbose stack     at Request._callback (/opt/npm3/lib/node_modules/npm/node_modules/npm-registry-client/lib/request.js:172:14)
44 verbose stack     at Request.self.callback (/opt/npm3/lib/node_modules/npm/node_modules/request/request.js:200:22)
44 verbose stack     at emitTwo (events.js:100:13)
44 verbose stack     at Request.emit (events.js:185:7)
44 verbose stack     at Request.<anonymous> (/opt/npm3/lib/node_modules/npm/node_modules/request/request.js:1067:10)
44 verbose stack     at emitOne (events.js:95:20)
44 verbose stack     at Request.emit (events.js:182:7)
44 verbose stack     at IncomingMessage.<anonymous> (/opt/npm3/lib/node_modules/npm/node_modules/request/request.js:988:12)
45 verbose statusCode 403
46 verbose pkgid whitestripper
47 verbose cwd /Users/abo26/modules/whitestripper
48 error Darwin 14.5.0
49 error argv "/usr/local/bin/node" "/opt/npm3/bin/npm" "publish"
50 error node v5.11.1
51 error npm  v3.8.8
52 error code E403
53 error "You cannot publish over the previously published version 1.0.1." : whitestripper
54 error If you need help, you may report this error at:
54 error     <https://github.com/npm/npm/issues>
55 verbose exit [ 1, true ]
